<?xml version="1.0" encoding="UTF-8"?>
<!-- Generated by org.testng.reporters.JUnitReportReporter -->
<testsuite hostname="nanu-PC" name="com.inetbanking.tecases.TC_AddCustomer_001" tests="1" failures="0" timestamp="10 Mar 2020 18:37:42 GMT" time="35.298" errors="0">
  <testcase name="addCustomer" time="35.298" classname="com.inetbanking.tecases.TC_AddCustomer_001"/>
</testsuite> <!-- com.inetbanking.tecases.TC_AddCustomer_001 -->
