<?xml version="1.0" encoding="UTF-8"?>
<!-- Generated by org.testng.reporters.JUnitReportReporter -->
<testsuite hostname="nanu-PC" name="com.inetbanking.tecases.TC_DryTest_001" tests="1" failures="0" timestamp="27 Feb 2020 13:00:04 GMT" time="4.713" errors="0">
  <testcase name="dryTest" time="4.713" classname="com.inetbanking.tecases.TC_DryTest_001"/>
</testsuite> <!-- com.inetbanking.tecases.TC_DryTest_001 -->
