<?xml version="1.0" encoding="UTF-8"?>
<!-- Generated by org.testng.reporters.JUnitReportReporter -->
<testsuite skipped="0" hostname="nanu-PC" name="com.inetbanking.tecases.TC_AddCustomer_001" tests="1" failures="0" timestamp="12 Mar 2020 15:10:38 GMT" time="50.474" errors="0">
  <testcase name="addCustomer" time="50.474" classname="com.inetbanking.tecases.TC_AddCustomer_001"/>
</testsuite> <!-- com.inetbanking.tecases.TC_AddCustomer_001 -->
